25/02/2018 14:05:18 devpinoyLogger Properties file is loading now..
25/02/2018 14:05:18 devpinoyLogger Properties file loaded successfully..
25/02/2018 14:05:24 devpinoyLogger Firefox browser launched..
25/02/2018 14:05:26 devpinoyLogger Excel File objects created
25/02/2018 14:05:51 devpinoyLogger Password has been changed...
25/02/2018 14:05:52 devpinoyLogger Login with new password
25/02/2018 14:05:57 devpinoyLogger Password has been reset
25/02/2018 14:05:59 devpinoyLogger Properties file is loading now..
25/02/2018 14:05:59 devpinoyLogger Properties file loaded successfully..
25/02/2018 14:06:05 devpinoyLogger Firefox browser launched..
25/02/2018 14:06:06 devpinoyLogger Excel File objects created
25/02/2018 14:06:08 devpinoyLogger 3 mistakes of my life
25/02/2018 14:06:08 devpinoyLogger Meditation and its methods
25/02/2018 14:06:08 devpinoyLogger Missionaries in india
25/02/2018 14:06:08 devpinoyLogger 5 Lifestyle Techniques
25/02/2018 14:06:08 devpinoyLogger The world of fatwas or the shariah in action
25/02/2018 14:06:08 devpinoyLogger Five point someone
25/02/2018 14:06:08 devpinoyLogger My master
25/02/2018 14:06:08 devpinoyLogger 2 state
25/02/2018 14:06:08 devpinoyLogger Raja Yoga
25/02/2018 14:06:08 devpinoyLogger Best Practices- Meditation
